
> dev
> npm --prefix ./kwartier-advies run dev -- --hostname 127.0.0.1 --port 3000


> kwartier-advies@0.1.0 dev
> next dev --hostname 127.0.0.1 --port 3000

  ▲ Next.js 14.2.33
  - Local:        http://127.0.0.1:3000
  - Network:      http://127.0.0.1:3000

 ✓ Starting...
 ✓ Ready in 2.4s
 ○ Compiling / ...
 ✓ Compiled / in 6.5s (1581 modules)
 GET / 200 in 6951ms
 ✓ Compiled /_not-found in 493ms (1584 modules)
 GET / 404 in 671ms
 GET /.well-known/appspecific/com.chrome.devtools.json 404 in 32ms
 GET /_next/static/chunks/app-pages-internals.js 404 in 46ms
 GET /_next/static/chunks/main-app.js?v=1776437114711 404 in 47ms
 ○ Compiling /_error ...
 ✓ Compiled /_error in 1236ms (1797 modules)
 GET / 404 in 1565ms
 ✓ Compiled in 199ms (1797 modules)
